<?xml version="1.0" encoding="UTF-8"?>
<!-- Generated by org.testng.reporters.JUnitReportReporter -->
<testsuite hostname="LAPTOP-2I3QMBL6" failures="0" tests="1" name="ProjectE2E.framework.PriceRangePageTest" time="65.265" errors="0" timestamp="2024-05-07T20:23:59 IST" skipped="0">
  <testcase classname="ProjectE2E.framework.PriceRangePageTest" name="priceRange" time="65.265"/>
  <system-out/>
</testsuite> <!-- ProjectE2E.framework.PriceRangePageTest -->
