<?xml version="1.0" encoding="UTF-8"?>
<!-- Generated by org.testng.reporters.JUnitReportReporter -->
<testsuite hostname="LAPTOP-2I3QMBL6" failures="0" tests="1" name="ProjectE2E.framework.FilterValidationPageTest" time="63.666" errors="0" timestamp="2024-04-28T14:56:19 IST" skipped="0">
  <testcase classname="ProjectE2E.framework.FilterValidationPageTest" name="filterValidation" time="63.666"/>
  <system-out/>
</testsuite> <!-- ProjectE2E.framework.FilterValidationPageTest -->
